<?xml version="1.0" encoding="UTF-8"?>
<!-- Generated by org.testng.reporters.JUnitXMLReporter -->
<testsuite hostname="Lenovo-PC" ignored="0" name="Default test" tests="5" failures="0" timestamp="11 Dec 2020 18:18:05 GMT" time="0.051" errors="0">
  <testcase name="test2" time="0.009" classname="TestNGSessions.PriorityTest"/>
  <testcase name="test5" time="0.001" classname="TestNGSessions.PriorityTest"/>
  <testcase name="test4" time="0.001" classname="TestNGSessions.PriorityTest"/>
  <testcase name="test3" time="0.001" classname="TestNGSessions.PriorityTest"/>
  <testcase name="test1" time="0.005" classname="TestNGSessions.PriorityTest"/>
</testsuite> <!-- Default test -->
