<?xml version="1.0" encoding="UTF-8"?>
<!-- Generated by org.testng.reporters.JUnitXMLReporter -->
<testsuite hostname="Lenovo-PC" ignored="7" name="Default test" tests="2" failures="0" timestamp="22 Jan 2021 00:03:02 GMT" time="3.286" errors="0">
  <testcase name="createTokenWithPojo" time="3.049" classname="rough.PracticingRestFul_Booker"/>
  <testcase name="healthCheck" time="0.177" classname="rough.PracticingRestFul_Booker"/>
  <testcase name="partialUpdateBooking" time="0.0" classname="rough.PracticingRestFul_Booker">
    <ignored/>
  </testcase> <!-- partialUpdateBooking -->
  <testcase name="getBookingReturns200" time="0.0" classname="rough.PracticingRestFul_Booker">
    <ignored/>
  </testcase> <!-- getBookingReturns200 -->
  <testcase name="createBookingReturns200" time="0.0" classname="rough.PracticingRestFul_Booker">
    <ignored/>
  </testcase> <!-- createBookingReturns200 -->
  <testcase name="getBookingWithIncorrectReturns418" time="0.0" classname="rough.PracticingRestFul_Booker">
    <ignored/>
  </testcase> <!-- getBookingWithIncorrectReturns418 -->
  <testcase name="deleteBookingReturns201and404AfterRecheck" time="0.0" classname="rough.PracticingRestFul_Booker">
    <ignored/>
  </testcase> <!-- deleteBookingReturns201and404AfterRecheck -->
  <testcase name="getBookingIds" time="0.0" classname="rough.PracticingRestFul_Booker">
    <ignored/>
  </testcase> <!-- getBookingIds -->
  <testcase name="updateBookingReturns200" time="0.0" classname="rough.PracticingRestFul_Booker">
    <ignored/>
  </testcase> <!-- updateBookingReturns200 -->
</testsuite> <!-- Default test -->
