<?xml version="1.0" encoding="UTF-8"?>
<!-- Generated by org.testng.reporters.JUnitXMLReporter -->
<testsuite hostname="Lenovo-PC" ignored="0" name="sign up test2" tests="3" failures="0" timestamp="20 Aug 2020 03:21:33 GMT" time="37.375" errors="0">
  <testcase name="verifyCreateAccountTest" time="17.402" classname="com.tests.SignUpTest"/>
  <testcase name="verifyGoogleButton" time="0.095" classname="com.tests.SignUpTest"/>
  <testcase name="verifyServicesAgreementLink" time="0.106" classname="com.tests.SignUpTest"/>
</testsuite> <!-- sign up test2 -->
