<?xml version="1.0" encoding="UTF-8"?>
<!-- Generated by org.testng.reporters.JUnitXMLReporter -->
<testsuite hostname="Lenovo-PC" ignored="0" name="sign up test" tests="3" failures="0" timestamp="20 Aug 2020 03:03:58 GMT" time="23.987" errors="0">
  <testcase name="verifyCreateAccountTest" time="7.67" classname="com.tests.SignUpTest"/>
  <testcase name="verifyGoogleButton" time="0.04" classname="com.tests.SignUpTest"/>
  <testcase name="verifyServicesAgreementLink" time="0.063" classname="com.tests.SignUpTest"/>
</testsuite> <!-- sign up test -->
