<?xml version="1.0" encoding="UTF-8"?>
<!-- Generated by org.testng.reporters.JUnitXMLReporter -->
<testsuite hostname="Lenovo-PC" ignored="0" name="sign up test3" tests="3" failures="0" timestamp="20 Aug 2020 03:21:45 GMT" time="50.168" errors="0">
  <testcase name="verifyCreateAccountTest" time="9.492" classname="com.tests.SignUpTest"/>
  <testcase name="verifyGoogleButton" time="0.087" classname="com.tests.SignUpTest"/>
  <testcase name="verifyServicesAgreementLink" time="0.276" classname="com.tests.SignUpTest"/>
</testsuite> <!-- sign up test3 -->
