<?xml version="1.0" encoding="UTF-8"?>
<testng-results skipped="0" failed="0" ignored="7" total="9" passed="2">
  <reporter-output>
  </reporter-output>
  <suite name="Default suite" duration-ms="3286" started-at="2021-01-22T00:02:59Z" finished-at="2021-01-22T00:03:02Z">
    <groups>
    </groups>
    <test name="Default test" duration-ms="3286" started-at="2021-01-22T00:02:59Z" finished-at="2021-01-22T00:03:02Z">
      <class name="rough.PracticingRestFul_Booker">
        <test-method status="PASS" signature="createTokenWithPojo()[pri:0, instance:rough.PracticingRestFul_Booker@475e586c]" name="createTokenWithPojo" duration-ms="3049" started-at="2021-01-22T00:02:59Z" finished-at="2021-01-22T00:03:02Z">
          <reporter-output>
          </reporter-output>
        </test-method> <!-- createTokenWithPojo -->
        <test-method status="PASS" signature="healthCheck()[pri:0, instance:rough.PracticingRestFul_Booker@475e586c]" name="healthCheck" duration-ms="177" started-at="2021-01-22T00:03:02Z" finished-at="2021-01-22T00:03:02Z">
          <reporter-output>
          </reporter-output>
        </test-method> <!-- healthCheck -->
      </class> <!-- rough.PracticingRestFul_Booker -->
    </test> <!-- Default test -->
  </suite> <!-- Default suite -->
</testng-results>
