<?xml version="1.0" encoding="UTF-8"?>
<!-- Generated by org.testng.reporters.JUnitXMLReporter -->
<testsuite hostname="Lenovo-PC" ignored="0" name="ToolsQA" tests="4" failures="0" timestamp="11 Dec 2020 19:35:16 GMT" time="0.065" errors="0">
  <testcase name="OpenBrowser" time="0.007" classname="TestNGSessions.GroupDependency"/>
  <testcase name="LogIn" time="0.003" classname="TestNGSessions.GroupDependency"/>
  <testcase name="ViewAcc" time="0.001" classname="TestNGSessions.GroupDependency"/>
  <testcase name="CloseAccount" time="0.001" classname="TestNGSessions.GroupDependency"/>
</testsuite> <!-- ToolsQA -->
