<?xml version="1.0" encoding="UTF-8"?>
<!-- Generated by org.testng.reporters.JUnitXMLReporter -->
<testsuite hostname="Lenovo-PC" ignored="0" name="My practice test" tests="6" failures="0" timestamp="19 Aug 2020 22:54:50 GMT" time="23.407" errors="0">
  <testcase name="signUpLink" time="0.126" classname="com.tests.LoginTest"/>
  <testcase name="verifyCreateAccountTest" time="5.178" classname="com.tests.SignUpTest"/>
  <testcase name="pageTitleTest" time="0.048" classname="com.tests.LoginTest"/>
  <testcase name="verifyGoogleButton" time="0.762" classname="com.tests.SignUpTest"/>
  <testcase name="loginTest" time="5.562" classname="com.tests.LoginTest"/>
  <testcase name="verifyServicesAgreementLink" time="0.053" classname="com.tests.SignUpTest"/>
</testsuite> <!-- My practice test -->
