<?xml version="1.0" encoding="UTF-8"?>
<!-- Generated by org.testng.reporters.JUnitXMLReporter -->
<testsuite hostname="Lenovo-PC" ignored="0" name="My testNG practice test" tests="12" failures="0" timestamp="19 Aug 2020 02:29:38 GMT" time="0.079" errors="0">
  <testcase name="loginTest" time="0.009" classname="TestNGSessions.ExpectedExceptionConcept"/>
  <testcase name="createUser" time="0.002" classname="TestNGSessions.InvocationCountConcept"/>
  <testcase name="createUser" time="0.002" classname="TestNGSessions.InvocationCountConcept"/>
  <testcase name="createUser" time="0.001" classname="TestNGSessions.InvocationCountConcept"/>
  <testcase name="createUser" time="0.001" classname="TestNGSessions.InvocationCountConcept"/>
  <testcase name="createUser" time="0.002" classname="TestNGSessions.InvocationCountConcept"/>
  <testcase name="createUser" time="0.002" classname="TestNGSessions.InvocationCountConcept"/>
  <testcase name="createUser" time="0.001" classname="TestNGSessions.InvocationCountConcept"/>
  <testcase name="createUser" time="0.001" classname="TestNGSessions.InvocationCountConcept"/>
  <testcase name="createUser" time="0.003" classname="TestNGSessions.InvocationCountConcept"/>
  <testcase name="test1" time="0.001" classname="TestNGSessions.PriorityTest"/>
  <testcase name="test4" time="0.001" classname="TestNGSessions.PriorityTest"/>
</testsuite> <!-- My testNG practice test -->
