<?xml version="1.0" encoding="UTF-8"?>
<!-- Generated by org.testng.reporters.JUnitXMLReporter -->
<testsuite hostname="Lenovo-PC" ignored="0" name="My testNG sanity test" tests="6" failures="0" timestamp="11 Dec 2020 18:16:30 GMT" time="0.065" errors="0">
  <testcase name="loginTest" time="0.009" classname="TestNGSessions.ExpectedExceptionConcept"/>
  <testcase name="test2" time="0.002" classname="TestNGSessions.PriorityTest"/>
  <testcase name="test5" time="0.002" classname="TestNGSessions.PriorityTest"/>
  <testcase name="test4" time="0.003" classname="TestNGSessions.PriorityTest"/>
  <testcase name="test3" time="0.002" classname="TestNGSessions.PriorityTest"/>
  <testcase name="test1" time="0.003" classname="TestNGSessions.PriorityTest"/>
</testsuite> <!-- My testNG sanity test -->
