<?xml version="1.0" encoding="UTF-8"?>
<!-- Generated by org.testng.reporters.JUnitXMLReporter -->
<testsuite hostname="Lenovo-PC" ignored="0" name="Regression Functional Regression Test 2" tests="5" failures="0" timestamp="26 Aug 2020 16:51:09 GMT" time="30.465" errors="0">
  <testcase name="verifyHomePageTitleTest" time="12.289" classname="com.qa.hubspot.tests.HomePageTest"/>
  <testcase name="verifyHomePageHeaderTest" time="0.777" classname="com.qa.hubspot.tests.HomePageTest"/>
  <testcase name="verifyLoggedInUserTest" time="2.397" classname="com.qa.hubspot.tests.HomePageTest"/>
  <testcase name="verifyHeaderContents" time="0.28" classname="com.qa.hubspot.tests.HomePageTest"/>
  <testcase name="verifyLinksUnderContacts" time="0.356" classname="com.qa.hubspot.tests.HomePageTest"/>
</testsuite> <!-- Regression Functional Regression Test 2 -->
